# JRE version: OpenJDK Runtime Environment (8.0_202-b03) (build 1.8.0_202-release-1483-b03)
# Java VM: OpenJDK 64-Bit Server VM (25.202-b03 mixed mode windows-amd64 compressed oops)
Heap:
 PSYoungGen      total 395776K, used 381849K [0x00000000e0000000, 0x00000000fa080000, 0x0000000100000000)
  eden space 374272K, 99% used [0x00000000e0000000,0x00000000f6d42108,0x00000000f6d80000)
  from space 21504K, 36% used [0x00000000f8b80000,0x00000000f9324498,0x00000000fa080000)
  to   space 26112K, 44% used [0x00000000f6d80000,0x00000000f78d15f8,0x00000000f8700000)
 ParOldGen       total 159232K, used 73134K [0x00000000a0000000, 0x00000000a9b80000, 0x00000000e0000000)
  object space 159232K, 45% used [0x00000000a0000000,0x00000000a476bb60,0x00000000a9b80000)
 Metaspace       used 97760K, capacity 102718K, committed 103128K, reserved 1138688K
  class space    used 12375K, capacity 13278K, committed 13568K, reserved 1048576K
GC Heap History (10 events):
Event: 6686.586 GC heap after
Heap after GC invocations=63 (full 4):
 PSYoungGen      total 297472K, used 10743K [0x00000000e0000000, 0x00000000f6880000, 0x0000000100000000)
  eden space 286720K, 0% used [0x00000000e0000000,0x00000000e0000000,0x00000000f1800000)
  from space 10752K, 99% used [0x00000000f1800000,0x00000000f227dfc0,0x00000000f2280000)
  to   space 16384K, 0% used [0x00000000f5880000,0x00000000f5880000,0x00000000f6880000)
 ParOldGen       total 120832K, used 101053K [0x00000000a0000000, 0x00000000a7600000, 0x00000000e0000000)
  object space 120832K, 83% used [0x00000000a0000000,0x00000000a62af458,0x00000000a7600000)
 Metaspace       used 96820K, capacity 101378K, committed 101592K, reserved 1138688K
  class space    used 12353K, capacity 13225K, committed 13312K, reserved 1048576K
}
Event: 6750.658 GC heap before
{Heap before GC invocations=64 (full 4):
 PSYoungGen      total 297472K, used 297384K [0x00000000e0000000, 0x00000000f6880000, 0x0000000100000000)
  eden space 286720K, 99% used [0x00000000e0000000,0x00000000f17ec068,0x00000000f1800000)
  from space 10752K, 99% used [0x00000000f1800000,0x00000000f227dfc0,0x00000000f2280000)
  to   space 16384K, 0% used [0x00000000f5880000,0x00000000f5880000,0x00000000f6880000)
 ParOldGen       total 120832K, used 101053K [0x00000000a0000000, 0x00000000a7600000, 0x00000000e0000000)
  object space 120832K, 83% used [0x00000000a0000000,0x00000000a62af458,0x00000000a7600000)
 Metaspace       used 97106K, capacity 101764K, committed 101976K, reserved 1138688K
  class space    used 12367K, capacity 13246K, committed 13440K, reserved 1048576K
Event: 6750.729 GC heap after
Heap after GC invocations=64 (full 4):
 PSYoungGen      total 339968K, used 16379K [0x00000000e0000000, 0x00000000f7f80000, 0x0000000100000000)
  eden space 323584K, 0% used [0x00000000e0000000,0x00000000e0000000,0x00000000f3c00000)
  from space 16384K, 99% used [0x00000000f5880000,0x00000000f687ee58,0x00000000f6880000)
  to   space 29184K, 0% used [0x00000000f3c00000,0x00000000f3c00000,0x00000000f5880000)
 ParOldGen       total 129024K, used 128580K [0x00000000a0000000, 0x00000000a7e00000, 0x00000000e0000000)
  object space 129024K, 99% used [0x00000000a0000000,0x00000000a7d911f8,0x00000000a7e00000)
 Metaspace       used 97106K, capacity 101764K, committed 101976K, reserved 1138688K
  class space    used 12367K, capacity 13246K, committed 13440K, reserved 1048576K
}
Event: 6750.729 GC heap before
{Heap before GC invocations=65 (full 5):
 PSYoungGen      total 339968K, used 16379K [0x00000000e0000000, 0x00000000f7f80000, 0x0000000100000000)
  eden space 323584K, 0% used [0x00000000e0000000,0x00000000e0000000,0x00000000f3c00000)
  from space 16384K, 99% used [0x00000000f5880000,0x00000000f687ee58,0x00000000f6880000)
  to   space 29184K, 0% used [0x00000000f3c00000,0x00000000f3c00000,0x00000000f5880000)
 ParOldGen       total 129024K, used 128580K [0x00000000a0000000, 0x00000000a7e00000, 0x00000000e0000000)
  object space 129024K, 99% used [0x00000000a0000000,0x00000000a7d911f8,0x00000000a7e00000)
 Metaspace       used 97106K, capacity 101764K, committed 101976K, reserved 1138688K
  class space    used 12367K, capacity 13246K, committed 13440K, reserved 1048576K
Event: 6750.991 GC heap after
Heap after GC invocations=65 (full 5):
 PSYoungGen      total 339968K, used 0K [0x00000000e0000000, 0x00000000f7f80000, 0x0000000100000000)
  eden space 323584K, 0% used [0x00000000e0000000,0x00000000e0000000,0x00000000f3c00000)
  from space 16384K, 0% used [0x00000000f5880000,0x00000000f5880000,0x00000000f6880000)
  to   space 29184K, 0% used [0x00000000f3c00000,0x00000000f3c00000,0x00000000f5880000)
 ParOldGen       total 159232K, used 71795K [0x00000000a0000000, 0x00000000a9b80000, 0x00000000e0000000)
  object space 159232K, 45% used [0x00000000a0000000,0x00000000a461cc98,0x00000000a9b80000)
 Metaspace       used 96605K, capacity 100952K, committed 101976K, reserved 1138688K
  class space    used 12283K, capacity 13123K, committed 13440K, reserved 1048576K
}
Event: 6989.035 GC heap before
{Heap before GC invocations=66 (full 5):
 PSYoungGen      total 339968K, used 323584K [0x00000000e0000000, 0x00000000f7f80000, 0x0000000100000000)
  eden space 323584K, 100% used [0x00000000e0000000,0x00000000f3c00000,0x00000000f3c00000)
  from space 16384K, 0% used [0x00000000f5880000,0x00000000f5880000,0x00000000f6880000)
  to   space 29184K, 0% used [0x00000000f3c00000,0x00000000f3c00000,0x00000000f5880000)
 ParOldGen       total 159232K, used 71795K [0x00000000a0000000, 0x00000000a9b80000, 0x00000000e0000000)
  object space 159232K, 45% used [0x00000000a0000000,0x00000000a461cc98,0x00000000a9b80000)
 Metaspace       used 96992K, capacity 101596K, committed 102232K, reserved 1138688K
  class space    used 12313K, capacity 13177K, committed 13440K, reserved 1048576K
Event: 6989.049 GC heap after
Heap after GC invocations=66 (full 5):
 PSYoungGen      total 352768K, used 8364K [0x00000000e0000000, 0x00000000fa680000, 0x0000000100000000)
  eden space 323584K, 0% used [0x00000000e0000000,0x00000000e0000000,0x00000000f3c00000)
  from space 29184K, 28% used [0x00000000f3c00000,0x00000000f442b2e8,0x00000000f5880000)
  to   space 27648K, 0% used [0x00000000f8b80000,0x00000000f8b80000,0x00000000fa680000)
 ParOldGen       total 159232K, used 71803K [0x00000000a0000000, 0x00000000a9b80000, 0x00000000e0000000)
  object space 159232K, 45% used [0x00000000a0000000,0x00000000a461ec98,0x00000000a9b80000)
 Metaspace       used 96992K, capacity 101596K, committed 102232K, reserved 1138688K
  class space    used 12313K, capacity 13177K, committed 13440K, reserved 1048576K
}
Event: 7020.937 GC heap before
{Heap before GC invocations=67 (full 5):
 PSYoungGen      total 352768K, used 331948K [0x00000000e0000000, 0x00000000fa680000, 0x0000000100000000)
  eden space 323584K, 100% used [0x00000000e0000000,0x00000000f3c00000,0x00000000f3c00000)
  from space 29184K, 28% used [0x00000000f3c00000,0x00000000f442b2e8,0x00000000f5880000)
  to   space 27648K, 0% used [0x00000000f8b80000,0x00000000f8b80000,0x00000000fa680000)
 ParOldGen       total 159232K, used 71803K [0x00000000a0000000, 0x00000000a9b80000, 0x00000000e0000000)
  object space 159232K, 45% used [0x00000000a0000000,0x00000000a461ec98,0x00000000a9b80000)
 Metaspace       used 97452K, capacity 102282K, committed 102872K, reserved 1138688K
  class space    used 12369K, capacity 13270K, committed 13568K, reserved 1048576K
Event: 7020.963 GC heap after
Heap after GC invocations=67 (full 5):
 PSYoungGen      total 395776K, used 7825K [0x00000000e0000000, 0x00000000fa080000, 0x0000000100000000)
  eden space 374272K, 0% used [0x00000000e0000000,0x00000000e0000000,0x00000000f6d80000)
  from space 21504K, 36% used [0x00000000f8b80000,0x00000000f9324498,0x00000000fa080000)
  to   space 26112K, 0% used [0x00000000f6d80000,0x00000000f6d80000,0x00000000f8700000)
 ParOldGen       total 159232K, used 72910K [0x00000000a0000000, 0x00000000a9b80000, 0x00000000e0000000)
  object space 159232K, 45% used [0x00000000a0000000,0x00000000a4733b50,0x00000000a9b80000)
 Metaspace       used 97452K, capacity 102282K, committed 102872K, reserved 1138688K
  class space    used 12369K, capacity 13270K, committed 13568K, reserved 1048576K
}
Event: 8742.341 GC heap before
{Heap before GC invocations=68 (full 5):
 PSYoungGen      total 395776K, used 381849K [0x00000000e0000000, 0x00000000fa080000, 0x0000000100000000)
  eden space 374272K, 99% used [0x00000000e0000000,0x00000000f6d42108,0x00000000f6d80000)
  from space 21504K, 36% used [0x00000000f8b80000,0x00000000f9324498,0x00000000fa080000)
  to   space 26112K, 0% used [0x00000000f6d80000,0x00000000f6d80000,0x00000000f8700000)
 ParOldGen       total 159232K, used 72910K [0x00000000a0000000, 0x00000000a9b80000, 0x00000000e0000000)
  object space 159232K, 45% used [0x00000000a0000000,0x00000000a4733b50,0x00000000a9b80000)
 Metaspace       used 97760K, capacity 102718K, committed 103128K, reserved 1138688K
  class space    used 12375K, capacity 13278K, committed 13568K, reserved 1048576K

